<?xml version="1.0" encoding="UTF-8" ?>
<testsuite errors="0" failures="0" hostname="MBPMariurchina2.lan" name="PerceptronLearnerTest" skipped="0" tests="2" time="0.096" timestamp="2019-03-12T15:43:45">
  <properties>
    <property name="netbeans.autoupdate.country" value="NL" />
    <property name="javac.test.classpath" value=":build/classes:/Users/mariiaturchina/Desktop/Uni/Year 1/Period 3/AI/fuckig java/netbeans/platform/modules/ext/junit-4.12.jar:/Users/mariiaturchina/Desktop/Uni/Year 1/Period 3/AI/fuckig java/netbeans/platform/modules/ext/hamcrest-core-1.3.jar" />
    <property name="javac.test.sourcepath" value="/Users/mariiaturchina/Desktop/Uni/Year 1/Period 3/AI/Assignments/Perceptron/2ID90-2/individualassignment1/AIPerceptronlearning/build/empty" />
    <property name="ant.core.lib" value="/Users/mariiaturchina/Desktop/Uni/Year 1/Period 3/AI/fuckig java/netbeans/extide/ant/lib/ant.jar" />
    <property name="javadoc.windowtitle" value="" />
    <property name="user.dir" value="/Users/mariiaturchina/Desktop/Uni/Year 1/Period 3/AI/Assignments/Perceptron/2ID90-2/individualassignment1/AIPerceptronlearning" />
    <property name="java.vm.version" value="25.181-b13" />
    <property name="libs.eclipselinkmodelgen.src" value="" />
    <property name="javadoc.notree" value="false" />
    <property name="netbeans.autoupdate.version" value="1.23" />
    <property name="javac.profile.cmd.line.arg" value="" />
    <property name="jdk.home" value="/Library/Java/JavaVirtualMachines/jdk1.8.0_181.jdk/Contents/Home" />
    <property name="libs.javac-api.src" value="" />
    <property name="javadoc.noindex" value="false" />
    <property name="sun.os.patch.level" value="unknown" />
    <property name="do.archive+manifest.available" value="true" />
    <property name="java.vm.specification.name" value="Java Virtual Machine Specification" />
    <property name="nb.show.statistics.ui" value="usageStatisticsEnabled" />
    <property name="netbeans.autoupdate.variant" value="" />
    <property name="have.tests" value="true" />
    <property name="org.xml.sax.driver" value="com.sun.org.apache.xerces.internal.jaxp.SAXParserImpl$JAXPSAXParser" />
    <property name="libs.hamcrest.classpath" value="/Users/mariiaturchina/Desktop/Uni/Year 1/Period 3/AI/fuckig java/netbeans/platform/modules/ext/hamcrest-core-1.3.jar" />
    <property name="libs.javac-api.javadoc" value="" />
    <property name="os.name" value="Mac OS X" />
    <property name="jdk.gtk.version" value="2.2" />
    <property name="ap.proc.none.internal" value="" />
    <property name="libs.JWSAntTasks.maven-pom" value="" />
    <property name="libs.testng.src" value="" />
    <property name="java.vendor.url.bug" value="http://bugreport.sun.com/bugreport/" />
    <property name="libs.jaxb.maven-pom" value="" />
    <property name="os.arch" value="x86_64" />
    <property name="libs.eclipselink.src" value="" />
    <property name="user.name" value="mariiaturchina" />
    <property name="copylibs.rebase" value="true" />
    <property name="sun.java.command" value="org.apache.tools.ant.taskdefs.optional.junit.JUnitTestRunner PerceptronLearnerTest skipNonTests=false filtertrace=true haltOnError=false haltOnFailure=false showoutput=true outputtoformatters=true logfailedtests=true threadid=0 logtestlistenerevents=true formatter=org.apache.tools.ant.taskdefs.optional.junit.BriefJUnitResultFormatter formatter=org.apache.tools.ant.taskdefs.optional.junit.XMLJUnitResultFormatter,/Users/mariiaturchina/Desktop/Uni/Year 1/Period 3/AI/Assignments/Perceptron/2ID90-2/individualassignment1/AIPerceptronlearning/build/test/results/TEST-PerceptronLearnerTest.xml crashfile=/Users/mariiaturchina/Desktop/Uni/Year 1/Period 3/AI/Assignments/Perceptron/2ID90-2/individualassignment1/AIPerceptronlearning/build/junitvmwatcher3231643656576117188.properties propsfile=/Users/mariiaturchina/Desktop/Uni/Year 1/Period 3/AI/Assignments/Perceptron/2ID90-2/individualassignment1/AIPerceptronlearning/build/junit1443012393579597326.properties" />
    <property name="build.classes.dir" value="build/classes" />
    <property name="build.sysclasspath" value="ignore" />
    <property name="manifest.encoding" value="UTF-8" />
    <property name="ap.supported.internal" value="true" />
    <property name="java.failonerror" value="true" />
    <property name="run.modulepath" value="" />
    <property name="libs.jaxws21.javadoc" value="/Users/mariiaturchina/Desktop/Uni/Year 1/Period 3/AI/fuckig java/netbeans/java/docs/jaxws-api-doc.zip" />
    <property name="includes" value="**" />
    <property name="user.country" value="NL" />
    <property name="manifest.file" value="manifest.mf" />
    <property name="javadoc.encoding" value="UTF-8" />
    <property name="javac.classpath" value="" />
    <property name="libs.spring-framework400.classpath" value="/Users/mariiaturchina/Desktop/Uni/Year 1/Period 3/AI/fuckig java/netbeans/ide/modules/org-apache-commons-logging.jar:/Users/mariiaturchina/Desktop/Uni/Year 1/Period 3/AI/fuckig java/netbeans/java/modules/ext/cglib-2.2.jar:/Users/mariiaturchina/Desktop/Uni/Year 1/Period 3/AI/fuckig java/netbeans/java/modules/ext/spring-4/spring-aop-4.0.1.RELEASE.jar:/Users/mariiaturchina/Desktop/Uni/Year 1/Period 3/AI/fuckig java/netbeans/java/modules/ext/spring-4/spring-aspects-4.0.1.RELEASE.jar:/Users/mariiaturchina/Desktop/Uni/Year 1/Period 3/AI/fuckig java/netbeans/java/modules/ext/spring-4/spring-beans-4.0.1.RELEASE.jar:/Users/mariiaturchina/Desktop/Uni/Year 1/Period 3/AI/fuckig java/netbeans/java/modules/ext/spring-4/spring-build-src-4.0.1.RELEASE.jar:/Users/mariiaturchina/Desktop/Uni/Year 1/Period 3/AI/fuckig java/netbeans/java/modules/ext/spring-4/spring-context-4.0.1.RELEASE.jar:/Users/mariiaturchina/Desktop/Uni/Year 1/Period 3/AI/fuckig java/netbeans/java/modules/ext/spring-4/spring-context-support-4.0.1.RELEASE.jar:/Users/mariiaturchina/Desktop/Uni/Year 1/Period 3/AI/fuckig java/netbeans/java/modules/ext/spring-4/spring-core-4.0.1.RELEASE.jar:/Users/mariiaturchina/Desktop/Uni/Year 1/Period 3/AI/fuckig java/netbeans/java/modules/ext/spring-4/spring-expression-4.0.1.RELEASE.jar:/Users/mariiaturchina/Desktop/Uni/Year 1/Period 3/AI/fuckig java/netbeans/java/modules/ext/spring-4/spring-framework-bom-4.0.1.RELEASE.jar:/Users/mariiaturchina/Desktop/Uni/Year 1/Period 3/AI/fuckig java/netbeans/java/modules/ext/spring-4/spring-instrument-4.0.1.RELEASE.jar:/Users/mariiaturchina/Desktop/Uni/Year 1/Period 3/AI/fuckig java/netbeans/java/modules/ext/spring-4/spring-instrument-tomcat-4.0.1.RELEASE.jar:/Users/mariiaturchina/Desktop/Uni/Year 1/Period 3/AI/fuckig java/netbeans/java/modules/ext/spring-4/spring-jdbc-4.0.1.RELEASE.jar:/Users/mariiaturchina/Desktop/Uni/Year 1/Period 3/AI/fuckig java/netbeans/java/modules/ext/spring-4/spring-jms-4.0.1.RELEASE.jar:/Users/mariiaturchina/Desktop/Uni/Year 1/Period 3/AI/fuckig java/netbeans/java/modules/ext/spring-4/spring-messaging-4.0.1.RELEASE.jar:/Users/mariiaturchina/Desktop/Uni/Year 1/Period 3/AI/fuckig java/netbeans/java/modules/ext/spring-4/spring-orm-4.0.1.RELEASE.jar:/Users/mariiaturchina/Desktop/Uni/Year 1/Period 3/AI/fuckig java/netbeans/java/modules/ext/spring-4/spring-oxm-4.0.1.RELEASE.jar:/Users/mariiaturchina/Desktop/Uni/Year 1/Period 3/AI/fuckig java/netbeans/java/modules/ext/spring-4/spring-test-4.0.1.RELEASE.jar:/Users/mariiaturchina/Desktop/Uni/Year 1/Period 3/AI/fuckig java/netbeans/java/modules/ext/spring-4/spring-tx-4.0.1.RELEASE.jar:/Users/mariiaturchina/Desktop/Uni/Year 1/Period 3/AI/fuckig java/netbeans/java/modules/ext/spring-4/spring-web-4.0.1.RELEASE.jar:/Users/mariiaturchina/Desktop/Uni/Year 1/Period 3/AI/fuckig java/netbeans/java/modules/ext/spring-4/spring-webmvc-4.0.1.RELEASE.jar:/Users/mariiaturchina/Desktop/Uni/Year 1/Period 3/AI/fuckig java/netbeans/java/modules/ext/spring-4/spring-webmvc-portlet-4.0.1.RELEASE.jar:/Users/mariiaturchina/Desktop/Uni/Year 1/Period 3/AI/fuckig java/netbeans/java/modules/ext/spring-4/spring-websocket-4.0.1.RELEASE.jar" />
    <property name="debug-transport" value="dt_socket" />
    <property name="netbeans.home" value="/Users/mariiaturchina/Desktop/Uni/Year 1/Period 3/AI/fuckig java/netbeans/platform" />
    <property name="build.compiler.emacs" value="true" />
    <property name="javac.modulepath" value="" />
    <property name="java.endorsed.dirs" value="/Library/Java/JavaVirtualMachines/jdk1.8.0_181.jdk/Contents/Home/jre/lib/endorsed" />
    <property name="libs.groovy-all.src" value="" />
    <property name="libs.junit_5.src" value="/Users/mariiaturchina/Desktop/Uni/Year 1/Period 3/AI/fuckig java/netbeans/platform/docs/junit-jupiter-api-5.3.1-sources.jar:/Users/mariiaturchina/Desktop/Uni/Year 1/Period 3/AI/fuckig java/netbeans/platform/docs/junit-jupiter-params-5.3.1-sources.jar:/Users/mariiaturchina/Desktop/Uni/Year 1/Period 3/AI/fuckig java/netbeans/platform/docs/junit-jupiter-engine-5.3.1-sources.jar" />
    <property name="netbeans.dynamic.classpath" value="/Users/mariiaturchina/Desktop/Uni/Year 1/Period 3/AI/fuckig java/netbeans/platform/core/org-netbeans-libs-asm.jar:/Users/mariiaturchina/Desktop/Uni/Year 1/Period 3/AI/fuckig java/netbeans/platform/core/org-openide-filesystems-compat8.jar:/Users/mariiaturchina/Desktop/Uni/Year 1/Period 3/AI/fuckig java/netbeans/platform/core/asm-all-5.0.1.jar:/Users/mariiaturchina/Desktop/Uni/Year 1/Period 3/AI/fuckig java/netbeans/platform/core/org-openide-filesystems.jar:/Users/mariiaturchina/Desktop/Uni/Year 1/Period 3/AI/fuckig java/netbeans/platform/core/core.jar:/Users/mariiaturchina/Desktop/Uni/Year 1/Period 3/AI/fuckig java/netbeans/platform/core/core-base.jar:/Users/mariiaturchina/Desktop/Uni/Year 1/Period 3/AI/fuckig java/netbeans/nb/core/org-netbeans-upgrader.jar:/Users/mariiaturchina/Desktop/Uni/Year 1/Period 3/AI/fuckig java/netbeans/nb/core/locale/core_nb.jar" />
    <property name="java.vm.specification.version" value="1.8" />
    <property name="plugin.manager.check.updates" value="false" />
    <property name="libs.groovy-all.maven-pom" value="" />
    <property name="ftp.nonProxyHosts" value="local|*.local|169.254/16|*.169.254/16" />
    <property name="netbeans.productversion" value="Apache NetBeans IDE 10.0 (Build incubator-netbeans-release-380-on-20181217)" />
    <property name="libs.jaxws21.src" value="" />
    <property name="do.archive" value="true" />
    <property name="netbeans.autoupdate.language" value="en" />
    <property name="java.vendor" value="Oracle Corporation" />
    <property name="sun.font.fontmanager" value="sun.font.CFontManager" />
    <property name="jar.index.metainf" value="false" />
    <property name="javac.debug" value="true" />
    <property name="javadoc.splitindex" value="true" />
    <property name="file.separator" value="/" />
    <property name="libs.junit_4.maven-pom" value="" />
    <property name="mkdist.disabled" value="false" />
    <property name="javac.test.processorpath" value=":build/classes:/Users/mariiaturchina/Desktop/Uni/Year 1/Period 3/AI/fuckig java/netbeans/platform/modules/ext/junit-4.12.jar:/Users/mariiaturchina/Desktop/Uni/Year 1/Period 3/AI/fuckig java/netbeans/platform/modules/ext/hamcrest-core-1.3.jar" />
    <property name="netbeans.buildnumber" value="incubator-netbeans-release-380-on-20181217" />
    <property name="libs.JWSAntTasks.javadoc" value="" />
    <property name="build.generated.sources.dir" value="build/generated-sources" />
    <property name="libs.eclipselinkmodelgen.classpath" value="/Users/mariiaturchina/Desktop/Uni/Year 1/Period 3/AI/fuckig java/netbeans/java/modules/ext/eclipselink/org.eclipse.persistence.jpa.modelgen.processor-2.5.2.jar" />
    <property name="sun.java.launcher" value="SUN_STANDARD" />
    <property name="libs.jaxb.javadoc" value="/Users/mariiaturchina/Desktop/Uni/Year 1/Period 3/AI/fuckig java/netbeans/ide/docs/jaxb-api-2.2.5-javadoc.jar" />
    <property name="ant.home" value="/Users/mariiaturchina/Desktop/Uni/Year 1/Period 3/AI/fuckig java/netbeans/extide/ant" />
    <property name="libs.junit_4.src" value="/Users/mariiaturchina/Desktop/Uni/Year 1/Period 3/AI/fuckig java/netbeans/platform/docs/junit-4.12-sources.jar" />
    <property name="libs.testng.classpath" value="/Users/mariiaturchina/Desktop/Uni/Year 1/Period 3/AI/fuckig java/netbeans/platform/modules/ext/testng-6.8.1-dist.jar" />
    <property name="libs.absolutelayout.maven-pom" value="" />
    <property name="ant.java.version" value="1.8" />
    <property name="java.library.path" value="/Users/mariiaturchina/Library/Java/Extensions:/Library/Java/Extensions:/Network/Library/Java/Extensions:/System/Library/Java/Extensions:/usr/lib/java:." />
    <property name="javadoc.author" value="false" />
    <property name="java.util.logging.config.class" value="org.netbeans.core.startup.TopLogging" />
    <property name="libs.spring-framework400.src" value="" />
    <property name="libs.PostgreSQLDriver.src" value="" />
    <property name="sun.arch.data.model" value="64" />
    <property name="basedir" value="/Users/mariiaturchina/Desktop/Uni/Year 1/Period 3/AI/Assignments/Perceptron/2ID90-2/individualassignment1/AIPerceptronlearning" />
    <property name="libs.jpa20-persistence.maven-pom" value="" />
    <property name="jar.compress" value="false" />
    <property name="path.separator" value=":" />
    <property name="ant.junit.enabletestlistenerevents" value="true" />
    <property name="sun.io.unicode.encoding" value="UnicodeBig" />
    <property name="libs.jaxws21.classpath" value="/Users/mariiaturchina/Desktop/Uni/Year 1/Period 3/AI/fuckig java/netbeans/java/modules/ext/jaxws22/FastInfoset.jar:/Users/mariiaturchina/Desktop/Uni/Year 1/Period 3/AI/fuckig java/netbeans/java/modules/ext/jaxws22/gmbal-api-only.jar:/Users/mariiaturchina/Desktop/Uni/Year 1/Period 3/AI/fuckig java/netbeans/java/modules/ext/jaxws22/ha-api.jar:/Users/mariiaturchina/Desktop/Uni/Year 1/Period 3/AI/fuckig java/netbeans/java/modules/ext/jaxws22/javax.mail_1.4.jar:/Users/mariiaturchina/Desktop/Uni/Year 1/Period 3/AI/fuckig java/netbeans/java/modules/ext/jaxws22/jaxws-rt.jar:/Users/mariiaturchina/Desktop/Uni/Year 1/Period 3/AI/fuckig java/netbeans/java/modules/ext/jaxws22/jaxws-tools.jar:/Users/mariiaturchina/Desktop/Uni/Year 1/Period 3/AI/fuckig java/netbeans/java/modules/ext/jaxws22/management-api.jar:/Users/mariiaturchina/Desktop/Uni/Year 1/Period 3/AI/fuckig java/netbeans/java/modules/ext/jaxws22/mimepull.jar:/Users/mariiaturchina/Desktop/Uni/Year 1/Period 3/AI/fuckig java/netbeans/java/modules/ext/jaxws22/policy.jar:/Users/mariiaturchina/Desktop/Uni/Year 1/Period 3/AI/fuckig java/netbeans/java/modules/ext/jaxws22/saaj-impl.jar:/Users/mariiaturchina/Desktop/Uni/Year 1/Period 3/AI/fuckig java/netbeans/java/modules/ext/jaxws22/stax-ex.jar:/Users/mariiaturchina/Desktop/Uni/Year 1/Period 3/AI/fuckig java/netbeans/java/modules/ext/jaxws22/stax2-api.jar:/Users/mariiaturchina/Desktop/Uni/Year 1/Period 3/AI/fuckig java/netbeans/java/modules/ext/jaxws22/streambuffer.jar:/Users/mariiaturchina/Desktop/Uni/Year 1/Period 3/AI/fuckig java/netbeans/java/modules/ext/jaxws22/woodstox-core-asl.jar:/Users/mariiaturchina/Desktop/Uni/Year 1/Period 3/AI/fuckig java/netbeans/java/modules/ext/jaxws22/api/jaxws-api.jar:/Users/mariiaturchina/Desktop/Uni/Year 1/Period 3/AI/fuckig java/netbeans/java/modules/ext/jaxws22/api/jsr181-api.jar:/Users/mariiaturchina/Desktop/Uni/Year 1/Period 3/AI/fuckig java/netbeans/java/modules/ext/jaxws22/api/javax.annotation.jar:/Users/mariiaturchina/Desktop/Uni/Year 1/Period 3/AI/fuckig java/netbeans/java/modules/ext/jaxws22/api/saaj-api.jar:/Users/mariiaturchina/Desktop/Uni/Year 1/Period 3/AI/fuckig java/netbeans/ide/modules/ext/jaxb/activation.jar:/Users/mariiaturchina/Desktop/Uni/Year 1/Period 3/AI/fuckig java/netbeans/ide/modules/ext/jaxb/api/jaxb-api.jar" />
    <property name="apple.awt.graphics.UseQuartz" value="true" />
    <property name="user.language" value="en" />
    <property name="testng.mode" value="testng" />
    <property name="libs.JAXB-ENDORSED.maven-pom" value="" />
    <property name="libs.eclipselink.maven-pom" value="" />
    <property name="org.netbeans.io.suspend" value="0" />
    <property name="test.binaryincludes" value="&lt;nothing&gt;" />
    <property name="manifest.available" value="true" />
    <property name="libs.spring-framework300.maven-pom" value="" />
    <property name="run.test.classpath" value=":build/classes:/Users/mariiaturchina/Desktop/Uni/Year 1/Period 3/AI/fuckig java/netbeans/platform/modules/ext/junit-4.12.jar:/Users/mariiaturchina/Desktop/Uni/Year 1/Period 3/AI/fuckig java/netbeans/platform/modules/ext/hamcrest-core-1.3.jar:build/test/classes" />
    <property name="ant.project.invoked-targets" value="test" />
    <property name="test.binaryexcludes" value="" />
    <property name="sun.java2d.dpiaware" value="true" />
    <property name="gopherProxySet" value="false" />
    <property name="https.nonProxyHosts" value="localhost|127.0.0.1|MBPMariurchina2.lan" />
    <property name="libs.PostgreSQLDriver.maven-pom" value="" />
    <property name="java.class.version" value="52.0" />
    <property name="libs.eclipselink.javadoc" value="" />
    <property name="user.properties.file" value="/Users/mariiaturchina/Library/Application Support/NetBeans/10.0/build.properties" />
    <property name="runtime.encoding" value="UTF-8" />
    <property name="libs.javac-api.maven-pom" value="" />
    <property name="file.encoding.pkg" value="sun.io" />
    <property name="sun.cpu.endian" value="little" />
    <property name="libs.JAXB-ENDORSED.javadoc" value="" />
    <property name="libs.JWSAntTasks.classpath" value="/Users/mariiaturchina/Desktop/Uni/Year 1/Period 3/AI/fuckig java/netbeans/java/ant/extra/org-netbeans-modules-javawebstart-anttasks.jar" />
    <property name="libs.spring-framework300.src" value="" />
    <property name="empty.dir" value="/Users/mariiaturchina/Desktop/Uni/Year 1/Period 3/AI/Assignments/Perceptron/2ID90-2/individualassignment1/AIPerceptronlearning/build/empty" />
    <property name="test.binarytestincludes" value="" />
    <property name="javadoc.preview" value="true" />
    <property name="socksNonProxyHosts" value="local|*.local|169.254/16|*.169.254/16" />
    <property name="libs.jpa20-persistence.javadoc" value="" />
    <property name="java.home" value="/Library/Java/JavaVirtualMachines/jdk1.8.0_181.jdk/Contents/Home/jre" />
    <property name="debug.test.classpath" value=":build/classes:/Users/mariiaturchina/Desktop/Uni/Year 1/Period 3/AI/fuckig java/netbeans/platform/modules/ext/junit-4.12.jar:/Users/mariiaturchina/Desktop/Uni/Year 1/Period 3/AI/fuckig java/netbeans/platform/modules/ext/hamcrest-core-1.3.jar:build/test/classes" />
    <property name="ant.file.AIPerceptronLearning" value="/Users/mariiaturchina/Desktop/Uni/Year 1/Period 3/AI/Assignments/Perceptron/2ID90-2/individualassignment1/AIPerceptronlearning/build.xml" />
    <property name="netbeans.importclass" value="org.netbeans.upgrade.AutoUpgrade" />
    <property name="ant.project.default-target" value="default" />
    <property name="annotation.processing.run.all.processors" value="true" />
    <property name="libs.PostgreSQLDriver.javadoc" value="" />
    <property name="netbeans.extbrowser.manual_chrome_plugin_install" value="yes" />
    <property name="http.nonProxyHosts" value="local|*.local|169.254/16|*.169.254/16" />
    <property name="libs.junit_4.javadoc" value="/Users/mariiaturchina/Desktop/Uni/Year 1/Period 3/AI/fuckig java/netbeans/platform/docs/junit-4.12-javadoc.jar" />
    <property name="javac.test.modulepath" value="" />
    <property name="run.classpath" value=":build/classes" />
    <property name="jna.boot.library.name" value="jnidispatch-440" />
    <property name="sun.awt.datatransfer.timeout" value="1000" />
    <property name="annotation.processing.enabled.in.editor" value="false" />
    <property name="nb.native.filechooser" value="false" />
    <property name="sun.management.compiler" value="HotSpot 64-Bit Tiered Compilers" />
    <property name="javac.deprecation" value="false" />
    <property name="javadoc.use" value="true" />
    <property name="sun.java2d.noddraw" value="true" />
    <property name="javac.processorpath" value="" />
    <property name="libs.hamcrest.maven-pom" value="" />
    <property name="libs.junit_5.classpath" value="/Users/mariiaturchina/Desktop/Uni/Year 1/Period 3/AI/fuckig java/netbeans/platform/modules/ext/junit-jupiter-api-5.3.1.jar:/Users/mariiaturchina/Desktop/Uni/Year 1/Period 3/AI/fuckig java/netbeans/platform/modules/ext/junit-jupiter-params-5.3.1.jar:/Users/mariiaturchina/Desktop/Uni/Year 1/Period 3/AI/fuckig java/netbeans/platform/modules/ext/junit-jupiter-engine-5.3.1.jar" />
    <property name="javac.compilerargs" value="" />
    <property name="ant.file" value="/Users/mariiaturchina/Desktop/Uni/Year 1/Period 3/AI/Assignments/Perceptron/2ID90-2/individualassignment1/AIPerceptronlearning/build.xml" />
    <property name="ant.file.type.AIPerceptronLearning-impl" value="file" />
    <property name="java.vm.specification.vendor" value="Oracle Corporation" />
    <property name="org.openide.major.version" value="IDE/1" />
    <property name="java.vm.name" value="Java HotSpot(TM) 64-Bit Server VM" />
    <property name="netbeans.user" value="/Users/mariiaturchina/Library/Application Support/NetBeans/10.0" />
    <property name="javadoc.additionalparam" value="" />
    <property name="java.io.tmpdir" value="/var/folders/6l/ytf2jbhx5q5_gcv1y2lhc6g00000gp/T/" />
    <property name="java.vendor.url" value="http://java.oracle.com/" />
    <property name="endorsed.classpath.cmd.line.arg" value="" />
    <property name="jna.loaded" value="true" />
    <property name="junit.available" value="true" />
    <property name="sun.boot.library.path" value="/Library/Java/JavaVirtualMachines/jdk1.8.0_181.jdk/Contents/Home/jre/lib" />
    <property name="have.sources" value="true" />
    <property name="libs.hamcrest.javadoc" value="" />
    <property name="debug.classpath" value=":build/classes" />
    <property name="javadoc.private" value="false" />
    <property name="test.src.dir" value="test" />
    <property name="ap.processors.internal" value="" />
    <property name="meta.inf.dir" value="src/META-INF" />
    <property name="javadoc.encoding.used" value="UTF-8" />
    <property name="dist.jar" value="dist/AIPerceptronLearning.jar" />
    <property name="libs.spring-framework400.maven-pom" value="" />
    <property name="java.runtime.name" value="Java(TM) SE Runtime Environment" />
    <property name="debug.test.modulepath" value="" />
    <property name="ant.project.name" value="AIPerceptronLearning" />
    <property name="netbeans.hash.code" value="unique=00d9dc443-5ab7-470b-a7ff-5f690d63dd88_39f1bd48-88bf-4d5f-972b-d01aa7a8764f" />
    <property name="netbeans.default_userdir_root" value="/Users/mariiaturchina/Library/Application Support/NetBeans" />
    <property name="junit.selected.version" value="4" />
    <property name="sun.cpu.isalist" value="" />
    <property name="libs.spring-framework400.javadoc" value="" />
    <property name="libs.CopyLibs.javadoc" value="" />
    <property name="org.openide.specification.version" value="6.2" />
    <property name="user.home" value="/Users/mariiaturchina" />
    <property name="annotation.processing.processors.list" value="" />
    <property name="libs.JWSAntTasks.src" value="" />
    <property name="jar.index" value="false" />
    <property name="libs.CopyLibs.maven-pom" value="" />
    <property name="libs.spring-framework300.javadoc" value="" />
    <property name="libs.absolutelayout.javadoc" value="" />
    <property name="java.specification.name" value="Java Platform API Specification" />
    <property name="do.archive+main.class.available" value="true" />
    <property name="java.specification.vendor" value="Oracle Corporation" />
    <property name="libs.javac-api.classpath" value="" />
    <property name="java.version" value="1.8.0_181" />
    <property name="run.jvmargs.ide" value="" />
    <property name="javadoc.version" value="false" />
    <property name="javac.processormodulepath" value="" />
    <property name="org.openide.version" value="deprecated" />
    <property name="platform.java" value="/Library/Java/JavaVirtualMachines/jdk1.8.0_181.jdk/Contents/Home/jre/bin/java" />
    <property name="source.encoding" value="UTF-8" />
    <property name="ap.cmd.line.internal" value="" />
    <property name="libs.eclipselinkmodelgen.maven-pom" value="" />
    <property name="libs.eclipselinkmodelgen.javadoc" value="" />
    <property name="netbeans.home+have.tests" value="true" />
    <property name="annotation.processing.processor.options" value="" />
    <property name="libs.testng.maven-pom" value="" />
    <property name="libs.jaxb.src" value="" />
    <property name="work.dir" value="/Users/mariiaturchina/Desktop/Uni/Year 1/Period 3/AI/Assignments/Perceptron/2ID90-2/individualassignment1/AIPerceptronlearning" />
    <property name="libs.jaxb.classpath" value="/Users/mariiaturchina/Desktop/Uni/Year 1/Period 3/AI/fuckig java/netbeans/ide/modules/ext/jaxb/jaxb-impl-2.2.5-2.jar:/Users/mariiaturchina/Desktop/Uni/Year 1/Period 3/AI/fuckig java/netbeans/ide/modules/ext/jaxb/jaxb-xjc-2.2.5-2.jar:/Users/mariiaturchina/Desktop/Uni/Year 1/Period 3/AI/fuckig java/netbeans/ide/modules/ext/jaxb/jaxb1-impl-2.2.5-2.jar:/Users/mariiaturchina/Desktop/Uni/Year 1/Period 3/AI/fuckig java/netbeans/ide/modules/ext/jaxb/activation.jar:/Users/mariiaturchina/Desktop/Uni/Year 1/Period 3/AI/fuckig java/netbeans/ide/modules/ext/jaxb/api/jaxb-api.jar" />
    <property name="do.depend" value="false" />
    <property name="dist.javadoc.dir" value="dist/javadoc" />
    <property name="build.generated.dir" value="build/generated" />
    <property name="javac.source" value="1.8" />
    <property name="line.separator" value="&#xa;" />
    <property name="java.specification.version" value="1.8" />
    <property name="libs.jaxws21.maven-pom" value="" />
    <property name="java.vm.info" value="mixed mode" />
    <property name="nb.junit.batch" value="true" />
    <property name="junit.forkmode" value="perTest" />
    <property name="sun.boot.class.path" value="/Library/Java/JavaVirtualMachines/jdk1.8.0_181.jdk/Contents/Home/jre/lib/resources.jar:/Library/Java/JavaVirtualMachines/jdk1.8.0_181.jdk/Contents/Home/jre/lib/rt.jar:/Library/Java/JavaVirtualMachines/jdk1.8.0_181.jdk/Contents/Home/jre/lib/sunrsasign.jar:/Library/Java/JavaVirtualMachines/jdk1.8.0_181.jdk/Contents/Home/jre/lib/jsse.jar:/Library/Java/JavaVirtualMachines/jdk1.8.0_181.jdk/Contents/Home/jre/lib/jce.jar:/Library/Java/JavaVirtualMachines/jdk1.8.0_181.jdk/Contents/Home/jre/lib/charsets.jar:/Library/Java/JavaVirtualMachines/jdk1.8.0_181.jdk/Contents/Home/jre/lib/jfr.jar:/Library/Java/JavaVirtualMachines/jdk1.8.0_181.jdk/Contents/Home/jre/classes" />
    <property name="javac.target" value="1.8" />
    <property name="built-jar.properties" value="/Users/mariiaturchina/Desktop/Uni/Year 1/Period 3/AI/Assignments/Perceptron/2ID90-2/individualassignment1/AIPerceptronlearning/build/built-jar.properties" />
    <property name="build.test.classes.dir" value="build/test/classes" />
    <property name="src.dir" value="src" />
    <property name="javac.test.compilerargs" value="" />
    <property name="annotation.processing.enabled" value="true" />
    <property name="libs.jpa20-persistence.src" value="" />
    <property name="ignore.failing.tests" value="true" />
    <property name="dist.dir" value="dist" />
    <property name="libs.groovy-all.javadoc" value="" />
    <property name="testng.debug.mode" value="" />
    <property name="javac.fork" value="false" />
    <property name="libs.groovy-all.classpath" value="/Users/mariiaturchina/Desktop/Uni/Year 1/Period 3/AI/fuckig java/netbeans/groovy/modules/ext/groovy.jar:/Users/mariiaturchina/Desktop/Uni/Year 1/Period 3/AI/fuckig java/netbeans/groovy/modules/ext/groovy-ant.jar" />
    <property name="java.awt.printerjob" value="sun.lwawt.macosx.CPrinterJob" />
    <property name="default.javac.source" value="1.8" />
    <property name="debug-transport-by-os" value="dt_socket" />
    <property name="sun.jnu.encoding" value="UTF-8" />
    <property name="run.test.jvmargs" value="" />
    <property name="java.runtime.version" value="1.8.0_181-b13" />
    <property name="build.test.results.dir" value="build/test/results" />
    <property name="ant.file.AIPerceptronLearning-impl" value="/Users/mariiaturchina/Desktop/Uni/Year 1/Period 3/AI/Assignments/Perceptron/2ID90-2/individualassignment1/AIPerceptronlearning/nbproject/build-impl.xml" />
    <property name="jna.platform.library.path" value="/usr/lib:/usr/lib" />
    <property name="default.javac.target" value="1.8" />
    <property name="libs.junit_4.classpath" value="/Users/mariiaturchina/Desktop/Uni/Year 1/Period 3/AI/fuckig java/netbeans/platform/modules/ext/junit-4.12.jar" />
    <property name="ant.file.type.AIPerceptronLearning" value="file" />
    <property name="user.timezone" value="" />
    <property name="nb.junit.single" value="false" />
    <property name="netbeans.dirs" value="/Users/mariiaturchina/Desktop/Uni/Year 1/Period 3/AI/fuckig java/netbeans/nb:/Users/mariiaturchina/Desktop/Uni/Year 1/Period 3/AI/fuckig java/netbeans/ergonomics:/Users/mariiaturchina/Desktop/Uni/Year 1/Period 3/AI/fuckig java/netbeans/ide:/Users/mariiaturchina/Desktop/Uni/Year 1/Period 3/AI/fuckig java/netbeans/extide:/Users/mariiaturchina/Desktop/Uni/Year 1/Period 3/AI/fuckig java/netbeans/java:/Users/mariiaturchina/Desktop/Uni/Year 1/Period 3/AI/fuckig java/netbeans/apisupport:/Users/mariiaturchina/Desktop/Uni/Year 1/Period 3/AI/fuckig java/netbeans/webcommon:/Users/mariiaturchina/Desktop/Uni/Year 1/Period 3/AI/fuckig java/netbeans/websvccommon:/Users/mariiaturchina/Desktop/Uni/Year 1/Period 3/AI/fuckig java/netbeans/enterprise:/Users/mariiaturchina/Desktop/Uni/Year 1/Period 3/AI/fuckig java/netbeans/mobility:/Users/mariiaturchina/Desktop/Uni/Year 1/Period 3/AI/fuckig java/netbeans/profiler:/Users/mariiaturchina/Desktop/Uni/Year 1/Period 3/AI/fuckig java/netbeans/python:/Users/mariiaturchina/Desktop/Uni/Year 1/Period 3/AI/fuckig java/netbeans/php:/Users/mariiaturchina/Desktop/Uni/Year 1/Period 3/AI/fuckig java/netbeans/identity:/Users/mariiaturchina/Desktop/Uni/Year 1/Period 3/AI/fuckig java/netbeans/harness:/Users/mariiaturchina/Desktop/Uni/Year 1/Period 3/AI/fuckig java/netbeans/cnd:/Users/mariiaturchina/Desktop/Uni/Year 1/Period 3/AI/fuckig java/netbeans/cndext:/Users/mariiaturchina/Desktop/Uni/Year 1/Period 3/AI/fuckig java/netbeans/dlight:/Users/mariiaturchina/Desktop/Uni/Year 1/Period 3/AI/fuckig java/netbeans/groovy:/Users/mariiaturchina/Desktop/Uni/Year 1/Period 3/AI/fuckig java/netbeans/extra:/Users/mariiaturchina/Desktop/Uni/Year 1/Period 3/AI/fuckig java/netbeans/javacard:/Users/mariiaturchina/Desktop/Uni/Year 1/Period 3/AI/fuckig java/netbeans/javafx:" />
    <property name="java.ext.dirs" value="/Users/mariiaturchina/Library/Java/Extensions:/Library/Java/JavaVirtualMachines/jdk1.8.0_181.jdk/Contents/Home/jre/lib/ext:/Library/Java/Extensions:/Network/Library/Java/Extensions:/System/Library/Java/Extensions:/usr/lib/java" />
    <property name="libs.absolutelayout.classpath" value="/Users/mariiaturchina/Desktop/Uni/Year 1/Period 3/AI/fuckig java/netbeans/java/modules/ext/AbsoluteLayout.jar" />
    <property name="excludes" value="" />
    <property name="java.class.path" value="/Users/mariiaturchina/Desktop/Uni/Year 1/Period 3/AI/Assignments/Perceptron/2ID90-2/individualassignment1/AIPerceptronlearning/build/classes:/Users/mariiaturchina/Desktop/Uni/Year 1/Period 3/AI/fuckig java/netbeans/platform/modules/ext/junit-4.12.jar:/Users/mariiaturchina/Desktop/Uni/Year 1/Period 3/AI/fuckig java/netbeans/platform/modules/ext/hamcrest-core-1.3.jar:/Users/mariiaturchina/Desktop/Uni/Year 1/Period 3/AI/Assignments/Perceptron/2ID90-2/individualassignment1/AIPerceptronlearning/build/test/classes:/Users/mariiaturchina/Desktop/Uni/Year 1/Period 3/AI/fuckig java/netbeans/extide/ant/lib/ant-launcher.jar:/Users/mariiaturchina/Desktop/Uni/Year 1/Period 3/AI/fuckig java/netbeans/extide/ant/lib/ant.jar:/Users/mariiaturchina/Desktop/Uni/Year 1/Period 3/AI/fuckig java/netbeans/extide/ant/lib/ant-junit.jar:/Users/mariiaturchina/Desktop/Uni/Year 1/Period 3/AI/fuckig java/netbeans/extide/ant/lib/ant-junit4.jar" />
    <property name="apple.laf.useScreenMenuBar" value="true" />
    <property name="do.mkdist" value="true" />
    <property name="libs.absolutelayout.src" value="" />
    <property name="libs.jpa20-persistence.classpath" value="/Users/mariiaturchina/Desktop/Uni/Year 1/Period 3/AI/fuckig java/netbeans/java/modules/ext/eclipselink/javax.persistence-2.1.0.jar" />
    <property name="libs.junit_5.javadoc" value="/Users/mariiaturchina/Desktop/Uni/Year 1/Period 3/AI/fuckig java/netbeans/platform/docs/junit-jupiter-api-5.3.1-javadoc.jar:/Users/mariiaturchina/Desktop/Uni/Year 1/Period 3/AI/fuckig java/netbeans/platform/docs/junit-jupiter-params-5.3.1-javadoc.jar:/Users/mariiaturchina/Desktop/Uni/Year 1/Period 3/AI/fuckig java/netbeans/platform/docs/junit-jupiter-engine-5.3.1-javadoc.jar" />
    <property name="os.version" value="10.14.2" />
    <property name="application.args" value="" />
    <property name="sun.awt.enableExtraMouseButtons" value="true" />
    <property name="main.class.available" value="true" />
    <property name="run.test.modulepath" value="" />
    <property name="nb.internal.action.name" value="test" />
    <property name="libs.JAXB-ENDORSED.classpath" value="/Users/mariiaturchina/Desktop/Uni/Year 1/Period 3/AI/fuckig java/netbeans/ide/modules/ext/jaxb/api/jaxb-api.jar" />
    <property name="libs.eclipselink.classpath" value="/Users/mariiaturchina/Desktop/Uni/Year 1/Period 3/AI/fuckig java/netbeans/java/modules/ext/eclipselink/org.eclipse.persistence.core-2.5.2.jar:/Users/mariiaturchina/Desktop/Uni/Year 1/Period 3/AI/fuckig java/netbeans/java/modules/ext/eclipselink/org.eclipse.persistence.asm-2.5.2.jar:/Users/mariiaturchina/Desktop/Uni/Year 1/Period 3/AI/fuckig java/netbeans/java/modules/ext/eclipselink/org.eclipse.persistence.antlr-2.5.2.jar:/Users/mariiaturchina/Desktop/Uni/Year 1/Period 3/AI/fuckig java/netbeans/java/modules/ext/eclipselink/org.eclipse.persistence.jpa-2.5.2.jar:/Users/mariiaturchina/Desktop/Uni/Year 1/Period 3/AI/fuckig java/netbeans/java/modules/ext/eclipselink/org.eclipse.persistence.jpa.jpql-2.5.2.jar:/Users/mariiaturchina/Desktop/Uni/Year 1/Period 3/AI/fuckig java/netbeans/java/modules/ext/eclipselink/javax.persistence-2.1.0.jar" />
    <property name="java.awt.graphicsenv" value="sun.awt.CGraphicsEnvironment" />
    <property name="java.vm.vendor" value="Oracle Corporation" />
    <property name="libs.CopyLibs.classpath" value="/Users/mariiaturchina/Desktop/Uni/Year 1/Period 3/AI/fuckig java/netbeans/java/ant/extra/org-netbeans-modules-java-j2seproject-copylibstask.jar" />
    <property name="libs.spring-framework300.classpath" value="/Users/mariiaturchina/Desktop/Uni/Year 1/Period 3/AI/fuckig java/netbeans/ide/modules/org-apache-commons-logging.jar:/Users/mariiaturchina/Desktop/Uni/Year 1/Period 3/AI/fuckig java/netbeans/java/modules/ext/cglib-2.2.jar:/Users/mariiaturchina/Desktop/Uni/Year 1/Period 3/AI/fuckig java/netbeans/java/modules/ext/spring-3.0/spring-aop-3.2.7.RELEASE.jar:/Users/mariiaturchina/Desktop/Uni/Year 1/Period 3/AI/fuckig java/netbeans/java/modules/ext/spring-3.0/spring-aspects-3.2.7.RELEASE.jar:/Users/mariiaturchina/Desktop/Uni/Year 1/Period 3/AI/fuckig java/netbeans/java/modules/ext/spring-3.0/spring-beans-3.2.7.RELEASE.jar:/Users/mariiaturchina/Desktop/Uni/Year 1/Period 3/AI/fuckig java/netbeans/java/modules/ext/spring-3.0/spring-build-src-3.2.7.RELEASE.jar:/Users/mariiaturchina/Desktop/Uni/Year 1/Period 3/AI/fuckig java/netbeans/java/modules/ext/spring-3.0/spring-context-3.2.7.RELEASE.jar:/Users/mariiaturchina/Desktop/Uni/Year 1/Period 3/AI/fuckig java/netbeans/java/modules/ext/spring-3.0/spring-context-support-3.2.7.RELEASE.jar:/Users/mariiaturchina/Desktop/Uni/Year 1/Period 3/AI/fuckig java/netbeans/java/modules/ext/spring-3.0/spring-core-3.2.7.RELEASE.jar:/Users/mariiaturchina/Desktop/Uni/Year 1/Period 3/AI/fuckig java/netbeans/java/modules/ext/spring-3.0/spring-expression-3.2.7.RELEASE.jar:/Users/mariiaturchina/Desktop/Uni/Year 1/Period 3/AI/fuckig java/netbeans/java/modules/ext/spring-3.0/spring-framework-bom-3.2.7.RELEASE.jar:/Users/mariiaturchina/Desktop/Uni/Year 1/Period 3/AI/fuckig java/netbeans/java/modules/ext/spring-3.0/spring-instrument-3.2.7.RELEASE.jar:/Users/mariiaturchina/Desktop/Uni/Year 1/Period 3/AI/fuckig java/netbeans/java/modules/ext/spring-3.0/spring-instrument-tomcat-3.2.7.RELEASE.jar:/Users/mariiaturchina/Desktop/Uni/Year 1/Period 3/AI/fuckig java/netbeans/java/modules/ext/spring-3.0/spring-jdbc-3.2.7.RELEASE.jar:/Users/mariiaturchina/Desktop/Uni/Year 1/Period 3/AI/fuckig java/netbeans/java/modules/ext/spring-3.0/spring-jms-3.2.7.RELEASE.jar:/Users/mariiaturchina/Desktop/Uni/Year 1/Period 3/AI/fuckig java/netbeans/java/modules/ext/spring-3.0/spring-orm-3.2.7.RELEASE.jar:/Users/mariiaturchina/Desktop/Uni/Year 1/Period 3/AI/fuckig java/netbeans/java/modules/ext/spring-3.0/spring-oxm-3.2.7.RELEASE.jar:/Users/mariiaturchina/Desktop/Uni/Year 1/Period 3/AI/fuckig java/netbeans/java/modules/ext/spring-3.0/spring-struts-3.2.7.RELEASE.jar:/Users/mariiaturchina/Desktop/Uni/Year 1/Period 3/AI/fuckig java/netbeans/java/modules/ext/spring-3.0/spring-test-3.2.7.RELEASE.jar:/Users/mariiaturchina/Desktop/Uni/Year 1/Period 3/AI/fuckig java/netbeans/java/modules/ext/spring-3.0/spring-tx-3.2.7.RELEASE.jar:/Users/mariiaturchina/Desktop/Uni/Year 1/Period 3/AI/fuckig java/netbeans/java/modules/ext/spring-3.0/spring-web-3.2.7.RELEASE.jar:/Users/mariiaturchina/Desktop/Uni/Year 1/Period 3/AI/fuckig java/netbeans/java/modules/ext/spring-3.0/spring-webmvc-3.2.7.RELEASE.jar:/Users/mariiaturchina/Desktop/Uni/Year 1/Period 3/AI/fuckig java/netbeans/java/modules/ext/spring-3.0/spring-webmvc-portlet-3.2.7.RELEASE.jar" />
    <property name="libs.junit_5.maven-pom" value="" />
    <property name="libs.hamcrest.src" value="" />
    <property name="run.jvmargs" value="" />
    <property name="dist.archive.excludes" value="" />
    <property name="libs.JAXB-ENDORSED.src" value="" />
    <property name="libs.testng.javadoc" value="/Users/mariiaturchina/Desktop/Uni/Year 1/Period 3/AI/fuckig java/netbeans/platform/docs/testng-6.8.1-javadoc.zip" />
    <property name="libs.PostgreSQLDriver.classpath" value="/Users/mariiaturchina/Desktop/Uni/Year 1/Period 3/AI/fuckig java/netbeans/ide/modules/ext/postgresql-42.2.5.jar" />
    <property name="annotation.processing.source.output" value="build/generated-sources/ap-source-output" />
    <property name="main.class" value="PVector" />
    <property name="build.dir" value="build" />
    <property name="libs.CopyLibs.src" value="" />
    <property name="debug.modulepath" value="" />
    <property name="ant.version" value="Apache Ant(TM) version 1.10.4 compiled on June 19 2018" />
    <property name="build.classes.excludes" value="**/*.java,**/*.form" />
    <property name="file.encoding" value="UTF-8" />
    <property name="jdkBug6558476" value="false" />
    <property name="javadoc.nonavbar" value="false" />
    <property name="platform.active" value="default_platform" />
    <property name="awt.toolkit" value="sun.lwawt.macosx.LWCToolkit" />
  </properties>
  <testcase classname="PerceptronLearnerTest" name="testExecute0" time="0.017" />
  <testcase classname="PerceptronLearnerTest" name="testExecute1" time="0.002" />
  <system-out><![CDATA[execute0
execute1
]]></system-out>
  <system-err><![CDATA[]]></system-err>
</testsuite>
